<?xml version="1.0" encoding="UTF-8"?>
<testng-results ignored="0" total="1" passed="1" failed="0" skipped="0">
  <reporter-output>
  </reporter-output>
  <suite started-at="2024-02-03T20:31:07 IST" name="Default suite" finished-at="2024-02-03T20:31:11 IST" duration-ms="4546">
    <groups>
    </groups>
    <test started-at="2024-02-03T20:31:07 IST" name="Default test" finished-at="2024-02-03T20:31:11 IST" duration-ms="4546">
      <class name="session03.Test_PatchMethod">
        <test-method signature="test05()[pri:0, instance:session03.Test_PatchMethod@6da21078]" started-at="2024-02-03T20:31:07 IST" name="test05" finished-at="2024-02-03T20:31:11 IST" duration-ms="4455" status="PASS">
          <reporter-output>
          </reporter-output>
        </test-method> <!-- test05 -->
      </class> <!-- session03.Test_PatchMethod -->
    </test> <!-- Default test -->
  </suite> <!-- Default suite -->
</testng-results>
